<?xml version="1.0" encoding="utf-8"?><testsuites name="pytest tests"><testsuite name="pytest" errors="0" failures="0" skipped="0" tests="26" time="16.078" timestamp="2026-04-27T06:55:05.596837+00:00" hostname="agent-env-b348e531-6a7d-47f4-99a5-a04b9f1f2499"><testcase classname="backend.tests.backend_test.TestAuth" name="test_signup_new_user" time="0.443" /><testcase classname="backend.tests.backend_test.TestAuth" name="test_login_demo" time="0.272" /><testcase classname="backend.tests.backend_test.TestAuth" name="test_login_invalid" time="0.267" /><testcase classname="backend.tests.backend_test.TestAuth" name="test_me" time="0.311" /><testcase classname="backend.tests.backend_test.TestAuth" name="test_me_unauth" time="0.044" /><testcase classname="backend.tests.backend_test.TestAuth" name="test_logout" time="0.044" /><testcase classname="backend.tests.backend_test.TestPosts" name="test_create_post" time="0.047" /><testcase classname="backend.tests.backend_test.TestPosts" name="test_feed_foryou" time="0.046" /><testcase classname="backend.tests.backend_test.TestPosts" name="test_feed_trending" time="0.045" /><testcase classname="backend.tests.backend_test.TestPosts" name="test_feed_following_unauth" time="0.044" /><testcase classname="backend.tests.backend_test.TestPosts" name="test_feed_following_auth" time="0.045" /><testcase classname="backend.tests.backend_test.TestPosts" name="test_like_toggle" time="0.092" /><testcase classname="backend.tests.backend_test.TestPosts" name="test_outcome_win_updates_user" time="0.139" /><testcase classname="backend.tests.backend_test.TestSearchProfile" name="test_search_user" time="0.046" /><testcase classname="backend.tests.backend_test.TestSearchProfile" name="test_search_ticker" time="0.047" /><testcase classname="backend.tests.backend_test.TestSearchProfile" name="test_search_empty" time="0.042" /><testcase classname="backend.tests.backend_test.TestSearchProfile" name="test_get_profile" time="0.045" /><testcase classname="backend.tests.backend_test.TestSearchProfile" name="test_profile_404" time="0.045" /><testcase classname="backend.tests.backend_test.TestFollow" name="test_follow_toggle" time="0.362" /><testcase classname="backend.tests.backend_test.TestFollow" name="test_follow_self_400" time="0.045" /><testcase classname="backend.tests.backend_test.TestSettings" name="test_patch_settings" time="0.091" /><testcase classname="backend.tests.backend_test.TestUpload" name="test_upload_and_fetch" time="0.349" /><testcase classname="backend.tests.backend_test.TestNews" name="test_news" time="0.203" /><testcase classname="backend.tests.backend_test.TestNews" name="test_news_ticker" time="0.162" /><testcase classname="backend.tests.backend_test.TestAI" name="test_analyze_trade_real_chart" time="4.323" /><testcase classname="backend.tests.backend_test.TestInsights" name="test_cleanup" time="8.378" /></testsuite></testsuites>